<?xml version="1.0" encoding="UTF-8"?>
<testsuite xmlns:xsi="http://www.w3.org/2001/XMLSchema-instance" xsi:noNamespaceSchemaLocation="https://maven.apache.org/surefire/maven-surefire-plugin/xsd/surefire-test-report.xsd" name="Main.ModelsTest.PlayerTest" time="0" tests="14" errors="0" skipped="0" failures="0">
  <properties>
[...]
</properties>
  <testcase name="setPlayerFace" classname="Main.ModelsTest.PlayerTest" time="0"/>
  <testcase name="setMoveAmount" classname="Main.ModelsTest.PlayerTest" time="0"/>
  <testcase name="getMax" classname="Main.ModelsTest.PlayerTest" time="0"/>
  <testcase name="getMin" classname="Main.ModelsTest.PlayerTest" time="0"/>
  <testcase name="getTop" classname="Main.ModelsTest.PlayerTest" time="0"/>
  <testcase name="setVerticalMoveAmount" classname="Main.ModelsTest.PlayerTest" time="0"/>
  <testcase name="getBorder" classname="Main.ModelsTest.PlayerTest" time="0"/>
  <testcase name="getBottom" classname="Main.ModelsTest.PlayerTest" time="0"/>
  <testcase name="setMidPoint" classname="Main.ModelsTest.PlayerTest" time="0"/>
  <testcase name="getMidPoint" classname="Main.ModelsTest.PlayerTest" time="0"/>
  <testcase name="getVerticalMoveAmount" classname="Main.ModelsTest.PlayerTest" time="0"/>
  <testcase name="getPlayerFace" classname="Main.ModelsTest.PlayerTest" time="0"/>
  <testcase name="getMoveAmount" classname="Main.ModelsTest.PlayerTest" time="0"/>
  <testcase name="getInner" classname="Main.ModelsTest.PlayerTest" time="0"/>
</testsuite>