<?xml version="1.0" encoding="UTF-8"?>
<testsuite xmlns:xsi="http://www.w3.org/2001/XMLSchema-instance" xsi:noNamespaceSchemaLocation="https://maven.apache.org/surefire/maven-surefire-plugin/xsd/surefire-test-report.xsd" name="Main.MVCTest.GameBoardControllerTest" time="0.63" tests="42" errors="0" skipped="0" failures="0">
  <properties>
[...]
</properties>
  <testcase name="resetTotalScoreAndTime" classname="Main.MVCTest.GameBoardControllerTest" time="0.004"/>
  <testcase name="setBallSpeed[1]" classname="Main.MVCTest.GameBoardControllerTest" time="0.002"/>
  <testcase name="setBallSpeed[2]" classname="Main.MVCTest.GameBoardControllerTest" time="0.002"/>
  <testcase name="setBallSpeed[3]" classname="Main.MVCTest.GameBoardControllerTest" time="0.001"/>
  <testcase name="setBallSpeed[4]" classname="Main.MVCTest.GameBoardControllerTest" time="0.001"/>
  <testcase name="setBallSpeed[5]" classname="Main.MVCTest.GameBoardControllerTest" time="0.001"/>
  <testcase name="movePlayer" classname="Main.MVCTest.GameBoardControllerTest" time="0"/>
  <testcase name="findImpacts" classname="Main.MVCTest.GameBoardControllerTest" time="0.195"/>
  <testcase name="powerUpRandomSpawn" classname="Main.MVCTest.GameBoardControllerTest" time="0.001"/>
  <testcase name="resetLevelData" classname="Main.MVCTest.GameBoardControllerTest" time="0.001"/>
  <testcase name="moveUp" classname="Main.MVCTest.GameBoardControllerTest" time="0"/>
  <testcase name="repair" classname="Main.MVCTest.GameBoardControllerTest" time="0.001"/>
  <testcase name="update" classname="Main.MVCTest.GameBoardControllerTest" time="0.003"/>
  <testcase name="playerMoveTo" classname="Main.MVCTest.GameBoardControllerTest" time="0.001"/>
  <testcase name="previousLevel" classname="Main.MVCTest.GameBoardControllerTest" time="0"/>
  <testcase name="reverseX" classname="Main.MVCTest.GameBoardControllerTest" time="0"/>
  <testcase name="reverseY" classname="Main.MVCTest.GameBoardControllerTest" time="0.001"/>
  <testcase name="findImpact" classname="Main.MVCTest.GameBoardControllerTest" time="0"/>
  <testcase name="moveBall" classname="Main.MVCTest.GameBoardControllerTest" time="0.001"/>
  <testcase name="moveDown" classname="Main.MVCTest.GameBoardControllerTest" time="0"/>
  <testcase name="moveLeft" classname="Main.MVCTest.GameBoardControllerTest" time="0"/>
  <testcase name="addSpeedX" classname="Main.MVCTest.GameBoardControllerTest" time="0"/>
  <testcase name="addSpeedY" classname="Main.MVCTest.GameBoardControllerTest" time="0"/>
  <testcase name="stop" classname="Main.MVCTest.GameBoardControllerTest" time="0"/>
  <testcase name="gameChecks" classname="Main.MVCTest.GameBoardControllerTest" time="0.342"/>
  <testcase name="setImpact" classname="Main.MVCTest.GameBoardControllerTest" time="0.007"/>
  <testcase name="minusSpeedX" classname="Main.MVCTest.GameBoardControllerTest" time="0.001"/>
  <testcase name="minusSpeedY" classname="Main.MVCTest.GameBoardControllerTest" time="0"/>
  <testcase name="calculateScoreAndTime" classname="Main.MVCTest.GameBoardControllerTest" time="0.001"/>
  <testcase name="ballReset" classname="Main.MVCTest.GameBoardControllerTest" time="0"/>
  <testcase name="resetBallCount" classname="Main.MVCTest.GameBoardControllerTest" time="0"/>
  <testcase name="ballPlayerImpact" classname="Main.MVCTest.GameBoardControllerTest" time="0"/>
  <testcase name="moveRight" classname="Main.MVCTest.GameBoardControllerTest" time="0.001"/>
  <testcase name="nextLevel" classname="Main.MVCTest.GameBoardControllerTest" time="0"/>
  <testcase name="wallReset" classname="Main.MVCTest.GameBoardControllerTest" time="0.001"/>
  <testcase name="ballMoveTo" classname="Main.MVCTest.GameBoardControllerTest" time="0"/>
  <testcase name="powerUpCollected" classname="Main.MVCTest.GameBoardControllerTest" time="0.001"/>
  <testcase name="returnPreviousLevelsScore" classname="Main.MVCTest.GameBoardControllerTest" time="0.001"/>
  <testcase name="resetLevelScoreAndTime" classname="Main.MVCTest.GameBoardControllerTest" time="0.001"/>
  <testcase name="reversePauseFlag" classname="Main.MVCTest.GameBoardControllerTest" time="0.031"/>
  <testcase name="returnPreviousLevelsTime" classname="Main.MVCTest.GameBoardControllerTest" time="0.001"/>
  <testcase name="powerUpMoveTo" classname="Main.MVCTest.GameBoardControllerTest" time="0"/>
</testsuite>